{
  "stats": {
    "suites": 1,
    "tests": 1,
    "passes": 1,
    "pending": 0,
    "failures": 0,
    "start": "2023-04-11T09:56:56.713Z",
    "end": "2023-04-11T09:56:58.608Z",
    "duration": 1895,
    "testsRegistered": 1,
    "passPercent": 100,
    "pendingPercent": 0,
    "other": 0,
    "hasOther": false,
    "skipped": 0,
    "hasSkipped": false
  },
  "results": [
    {
      "uuid": "5d6ef1f7-6189-4daf-b22e-5ddaed71cbb3",
      "title": "",
      "fullFile": "cypress\\e2e\\book-a-seat-api.cy.js",
      "file": "cypress\\e2e\\book-a-seat-api.cy.js",
      "beforeHooks": [],
      "afterHooks": [],
      "tests": [],
      "suites": [
        {
          "uuid": "91849b4e-38c9-4095-b266-9d32bc79091e",
          "title": "Authentication",
          "fullFile": "",
          "file": "",
          "beforeHooks": [],
          "afterHooks": [],
          "tests": [
            {
              "title": "LoginToMobility",
              "fullTitle": "Authentication LoginToMobility",
              "timedOut": null,
              "duration": 1798,
              "state": "passed",
              "speed": "fast",
              "pass": true,
              "fail": false,
              "pending": false,
              "context": null,
              "code": "cy.fixture(\"GIGM_Resource\").then(data => {\n  cy.request({\n    method: 'POST',\n    url: data.base_url + '/login',\n    headers: {\n      // 'Authorization': 'Bearer' + access_token \n      \"Content-Type\": \"application/x-www-form-urlencoded\"\n    },\n    body: {\n      'username': 'udebibor.favour@thegiggroupng.com',\n      'Password': '548f3c',\n      'client_id': 'X-GIG-ADMIN',\n      'client_secret': 'X-GIG-Secret',\n      'grant_type': 'password'\n    }\n  }).then(res => {\n    expect(res.status).to.eq(200);\n    expect(res.body).has.property('username', 'udebibor.favour@thegiggroupng.com');\n    expect(res.body).has.property('access_token');\n  });\n});",
              "err": {},
              "uuid": "b5f8b28c-6279-4ed7-b4af-3b262aea62f9",
              "parentUUID": "91849b4e-38c9-4095-b266-9d32bc79091e",
              "isHook": false,
              "skipped": false
            }
          ],
          "suites": [],
          "passes": [
            "b5f8b28c-6279-4ed7-b4af-3b262aea62f9"
          ],
          "failures": [],
          "pending": [],
          "skipped": [],
          "duration": 1798,
          "root": false,
          "rootEmpty": false,
          "_timeout": 2000
        }
      ],
      "passes": [],
      "failures": [],
      "pending": [],
      "skipped": [],
      "duration": 0,
      "root": true,
      "rootEmpty": true,
      "_timeout": 2000
    }
  ],
  "meta": {
    "mocha": {
      "version": "7.0.1"
    },
    "mochawesome": {
      "options": {
        "quiet": false,
        "reportFilename": "mochawesome",
        "saveHtml": false,
        "saveJson": true,
        "consoleReporter": "spec",
        "useInlineDiffs": false,
        "code": true
      },
      "version": "7.1.3"
    },
    "marge": {
      "options": {
        "overwrite": false,
        "html": false,
        "json": true,
        "reportDir": "cypress\\reports\\html\\.jsons"
      },
      "version": "6.2.0"
    }
  }
}