{
  "stats": {
    "suites": 1,
    "tests": 1,
    "passes": 0,
    "pending": 0,
    "failures": 1,
    "start": "2023-04-11T09:58:06.602Z",
    "end": "2023-04-11T09:59:18.965Z",
    "duration": 72363,
    "testsRegistered": 1,
    "passPercent": 0,
    "pendingPercent": 0,
    "other": 0,
    "hasOther": false,
    "skipped": 0,
    "hasSkipped": false
  },
  "results": [
    {
      "uuid": "7d02a041-89a2-4bbd-8b07-adbe944ac494",
      "title": "",
      "fullFile": "cypress\\e2e\\gigmChangePin.cy.js",
      "file": "cypress\\e2e\\gigmChangePin.cy.js",
      "beforeHooks": [],
      "afterHooks": [],
      "tests": [],
      "suites": [
        {
          "uuid": "b0fb2e57-9dbb-42ee-87cd-f6372525fa6f",
          "title": "Change_Auth_Credentials",
          "fullFile": "",
          "file": "",
          "beforeHooks": [],
          "afterHooks": [],
          "tests": [
            {
              "title": "ChangePin",
              "fullTitle": "Change_Auth_Credentials ChangePin",
              "timedOut": null,
              "duration": 62321,
              "state": "failed",
              "speed": null,
              "pass": false,
              "fail": true,
              "pending": false,
              "context": null,
              "code": "cy.visit('https://gigm.com/');\ncy.fixture(\"GIGM_Resource\").then(data => {\n  const Pn = new _GIGM_Change_Wallet_Pin.default();\n  Pn.AcceptCookies();\n  Pn.ClickLogin_SignUp_Btn();\n  Pn.ClickLogin_SignUp_Btn2();\n  Pn.setUserName(data.username1);\n  Pn.setPassword(data.password1);\n  Pn.clickBtn();\n  Pn.Wait();\n  Pn.AccountAvata2();\n  Pn.ChangeWalletPin();\n  Pn.EnterOTP();\n});\n//",
              "err": {
                "message": "CypressError: Timed out after waiting `60000ms` for your remote page to load.\n\nYour page did not fire its `load` event within `60000ms`.\n\nYou can try increasing the `pageLoadTimeout` value in `Users\\Crown-Staff\\Documents\\GIGM_WEB_AUTOMATION_CYPRESS\\cypress.config.js` to wait longer.\n\nBrowsers will not fire the `load` event until all stylesheets and scripts are done downloading.\n\nWhen this `load` event occurs, Cypress will continue running commands.",
                "estack": "CypressError: Timed out after waiting `60000ms` for your remote page to load.\n\nYour page did not fire its `load` event within `60000ms`.\n\nYou can try increasing the `pageLoadTimeout` value in `Users\\Crown-Staff\\Documents\\GIGM_WEB_AUTOMATION_CYPRESS\\cypress.config.js` to wait longer.\n\nBrowsers will not fire the `load` event until all stylesheets and scripts are done downloading.\n\nWhen this `load` event occurs, Cypress will continue running commands.\n    at timedOutWaitingForPageLoad (https://gigm.com/__cypress/runner/cypress_runner.js:137295:72)\n    at <unknown> (https://gigm.com/__cypress/runner/cypress_runner.js:138269:16)\n    at tryCatcher (https://gigm.com/__cypress/runner/cypress_runner.js:8914:23)\n    at <unknown> (https://gigm.com/__cypress/runner/cypress_runner.js:4036:41)\n    at tryCatcher (https://gigm.com/__cypress/runner/cypress_runner.js:8914:23)\n    at Promise._settlePromiseFromHandler (https://gigm.com/__cypress/runner/cypress_runner.js:6849:31)\n    at Promise._settlePromise (https://gigm.com/__cypress/runner/cypress_runner.js:6906:18)\n    at Promise._settlePromise0 (https://gigm.com/__cypress/runner/cypress_runner.js:6951:10)\n    at Promise._settlePromises (https://gigm.com/__cypress/runner/cypress_runner.js:7027:18)\n    at _drainQueueStep (https://gigm.com/__cypress/runner/cypress_runner.js:3621:12)\n    at _drainQueue (https://gigm.com/__cypress/runner/cypress_runner.js:3614:9)\n    at ../../node_modules/bluebird/js/release/async.js.Async._drainQueues (https://gigm.com/__cypress/runner/cypress_runner.js:3630:5)\n    at Async.drainQueues (https://gigm.com/__cypress/runner/cypress_runner.js:3500:14)\nFrom Your Spec Code:\n    at Context.eval (webpack:///./cypress/e2e/gigmChangePin.cy.js:13:12)",
                "diff": null
              },
              "uuid": "2d3df107-a5b9-4a28-bdbe-7db6f19373e6",
              "parentUUID": "b0fb2e57-9dbb-42ee-87cd-f6372525fa6f",
              "isHook": false,
              "skipped": false
            }
          ],
          "suites": [],
          "passes": [],
          "failures": [
            "2d3df107-a5b9-4a28-bdbe-7db6f19373e6"
          ],
          "pending": [],
          "skipped": [],
          "duration": 62321,
          "root": false,
          "rootEmpty": false,
          "_timeout": 2000
        }
      ],
      "passes": [],
      "failures": [],
      "pending": [],
      "skipped": [],
      "duration": 0,
      "root": true,
      "rootEmpty": true,
      "_timeout": 2000
    }
  ],
  "meta": {
    "mocha": {
      "version": "7.0.1"
    },
    "mochawesome": {
      "options": {
        "quiet": false,
        "reportFilename": "mochawesome",
        "saveHtml": false,
        "saveJson": true,
        "consoleReporter": "spec",
        "useInlineDiffs": false,
        "code": true
      },
      "version": "7.1.3"
    },
    "marge": {
      "options": {
        "overwrite": false,
        "html": false,
        "json": true,
        "reportDir": "cypress\\reports\\html\\.jsons"
      },
      "version": "6.2.0"
    }
  }
}